{
  "0 debug pnpm:scope": {
    "selected": 1
  },
  "1 info pnpm": {
    "message": "Using hooks from: C:\\Users\\Sergey\\IdeaProjects\\Vinorate\\pnpmfile.js",
    "prefix": "C:\\Users\\Sergey\\IdeaProjects\\Vinorate"
  },
  "2 info pnpm": {
    "message": "readPackage hook is declared. Manifests of dependencies might get overridden",
    "prefix": "C:\\Users\\Sergey\\IdeaProjects\\Vinorate"
  },
  "3 debug pnpm:package-manifest": {
    "initial": {
      "name": "no-name",
      "license": "UNLICENSED",
      "dependencies": {
        "@polymer/iron-icon": "3.0.1",
        "@polymer/iron-list": "3.1.0",
        "@polymer/polymer": "3.2.0",
        "@vaadin/accordion": "23.1.6",
        "@vaadin/app-layout": "23.1.6",
        "@vaadin/avatar": "23.1.6",
        "@vaadin/avatar-group": "23.1.6",
        "@vaadin/button": "23.1.6",
        "@vaadin/checkbox": "23.1.6",
        "@vaadin/checkbox-group": "23.1.6",
        "@vaadin/combo-box": "23.1.6",
        "@vaadin/context-menu": "23.1.6",
        "@vaadin/custom-field": "23.1.6",
        "@vaadin/date-picker": "23.1.6",
        "@vaadin/date-time-picker": "23.1.6",
        "@vaadin/details": "23.1.6",
        "@vaadin/dialog": "23.1.6",
        "@vaadin/email-field": "23.1.6",
        "@vaadin/flow-frontend": "./build/flow-frontend",
        "@vaadin/form": "./build/flow-frontend/form",
        "@vaadin/form-layout": "23.1.6",
        "@vaadin/grid": "23.1.6",
        "@vaadin/horizontal-layout": "23.1.6",
        "@vaadin/icon": "23.1.6",
        "@vaadin/icons": "23.1.6",
        "@vaadin/integer-field": "23.1.6",
        "@vaadin/item": "23.1.6",
        "@vaadin/list-box": "23.1.6",
        "@vaadin/login": "23.1.6",
        "@vaadin/menu-bar": "23.1.6",
        "@vaadin/message-input": "23.1.6",
        "@vaadin/message-list": "23.1.6",
        "@vaadin/notification": "23.1.6",
        "@vaadin/number-field": "23.1.6",
        "@vaadin/password-field": "23.1.6",
        "@vaadin/polymer-legacy-adapter": "23.1.6",
        "@vaadin/progress-bar": "23.1.6",
        "@vaadin/radio-group": "23.1.6",
        "@vaadin/router": "1.7.2",
        "@vaadin/scroller": "23.1.6",
        "@vaadin/select": "23.1.6",
        "@vaadin/split-layout": "23.1.6",
        "@vaadin/tabs": "23.1.6",
        "@vaadin/text-area": "23.1.6",
        "@vaadin/text-field": "23.1.6",
        "@vaadin/time-picker": "23.1.6",
        "@vaadin/upload": "23.1.6",
        "@vaadin/vaadin-accordion": "23.1.6",
        "@vaadin/vaadin-app-layout": "23.1.6",
        "@vaadin/vaadin-avatar": "23.1.6",
        "@vaadin/vaadin-button": "23.1.6",
        "@vaadin/vaadin-checkbox": "23.1.6",
        "@vaadin/vaadin-combo-box": "23.1.6",
        "@vaadin/vaadin-context-menu": "23.1.6",
        "@vaadin/vaadin-custom-field": "23.1.6",
        "@vaadin/vaadin-date-picker": "23.1.6",
        "@vaadin/vaadin-date-time-picker": "23.1.6",
        "@vaadin/vaadin-details": "23.1.6",
        "@vaadin/vaadin-dialog": "23.1.6",
        "@vaadin/vaadin-form-layout": "23.1.6",
        "@vaadin/vaadin-grid": "23.1.6",
        "@vaadin/vaadin-icon": "23.1.6",
        "@vaadin/vaadin-icons": "23.1.6",
        "@vaadin/vaadin-item": "23.1.6",
        "@vaadin/vaadin-list-box": "23.1.6",
        "@vaadin/vaadin-login": "23.1.6",
        "@vaadin/vaadin-lumo-styles": "23.1.6",
        "@vaadin/vaadin-material-styles": "23.1.6",
        "@vaadin/vaadin-menu-bar": "23.1.6",
        "@vaadin/vaadin-messages": "23.1.6",
        "@vaadin/vaadin-notification": "23.1.6",
        "@vaadin/vaadin-ordered-layout": "23.1.6",
        "@vaadin/vaadin-progress-bar": "23.1.6",
        "@vaadin/vaadin-radio-button": "23.1.6",
        "@vaadin/vaadin-select": "23.1.6",
        "@vaadin/vaadin-split-layout": "23.1.6",
        "@vaadin/vaadin-tabs": "23.1.6",
        "@vaadin/vaadin-text-field": "23.1.6",
        "@vaadin/vaadin-themable-mixin": "23.1.6",
        "@vaadin/vaadin-time-picker": "23.1.6",
        "@vaadin/vaadin-upload": "23.1.6",
        "@vaadin/vaadin-virtual-list": "23.1.6",
        "@vaadin/vertical-layout": "23.1.6",
        "@vaadin/virtual-list": "23.1.6",
        "code-point-at": "1.1.0",
        "construct-style-sheets-polyfill": "2.4.16",
        "date-fns": "2.28.0",
        "lit-element": "2.5.1",
        "lit-html": "1.4.1"
      },
      "devDependencies": {
        "@types/validator": "13.1.0",
        "@vaadin/application-theme-plugin": "./build/plugins/application-theme-plugin",
        "@vaadin/stats-plugin": "./build/plugins/stats-plugin",
        "@vaadin/theme-live-reload-plugin": "./build/plugins/theme-live-reload-plugin",
        "@vaadin/theme-loader": "./build/plugins/theme-loader",
        "chokidar": "^3.5.0",
        "compression-webpack-plugin": "4.0.1",
        "css-loader": "4.2.1",
        "extra-watch-webpack-plugin": "1.0.3",
        "extract-loader": "5.1.0",
        "file-loader": "6.2.0",
        "fork-ts-checker-webpack-plugin": "6.2.1",
        "glob": "7.1.6",
        "html-webpack-plugin": "4.5.1",
        "lit-css-loader": "0.0.4",
        "loader-utils": "2.0.0",
        "ts-loader": "8.0.12",
        "typescript": "4.2.3",
        "validator": "13.1.17",
        "webpack": "4.46.0",
        "webpack-cli": "3.3.12",
        "webpack-dev-server": "3.11.0",
        "webpack-manifest-plugin": "3.0.0",
        "webpack-merge": "4.2.2",
        "workbox-core": "6.2.0",
        "workbox-precaching": "6.2.0",
        "workbox-webpack-plugin": "6.2.0"
      },
      "vaadin": {
        "dependencies": {
          "@polymer/iron-icon": "3.0.1",
          "@polymer/iron-list": "3.1.0",
          "@polymer/polymer": "3.2.0",
          "@vaadin/accordion": "23.1.6",
          "@vaadin/app-layout": "23.1.6",
          "@vaadin/avatar": "23.1.6",
          "@vaadin/avatar-group": "23.1.6",
          "@vaadin/button": "23.1.6",
          "@vaadin/checkbox": "23.1.6",
          "@vaadin/checkbox-group": "23.1.6",
          "@vaadin/combo-box": "23.1.6",
          "@vaadin/context-menu": "23.1.6",
          "@vaadin/custom-field": "23.1.6",
          "@vaadin/date-picker": "23.1.6",
          "@vaadin/date-time-picker": "23.1.6",
          "@vaadin/details": "23.1.6",
          "@vaadin/dialog": "23.1.6",
          "@vaadin/email-field": "23.1.6",
          "@vaadin/form-layout": "23.1.6",
          "@vaadin/grid": "23.1.6",
          "@vaadin/horizontal-layout": "23.1.6",
          "@vaadin/icon": "23.1.6",
          "@vaadin/icons": "23.1.6",
          "@vaadin/integer-field": "23.1.6",
          "@vaadin/item": "23.1.6",
          "@vaadin/list-box": "23.1.6",
          "@vaadin/login": "23.1.6",
          "@vaadin/menu-bar": "23.1.6",
          "@vaadin/message-input": "23.1.6",
          "@vaadin/message-list": "23.1.6",
          "@vaadin/notification": "23.1.6",
          "@vaadin/number-field": "23.1.6",
          "@vaadin/password-field": "23.1.6",
          "@vaadin/polymer-legacy-adapter": "23.1.6",
          "@vaadin/progress-bar": "23.1.6",
          "@vaadin/radio-group": "23.1.6",
          "@vaadin/router": "1.7.2",
          "@vaadin/scroller": "23.1.6",
          "@vaadin/select": "23.1.6",
          "@vaadin/split-layout": "23.1.6",
          "@vaadin/tabs": "23.1.6",
          "@vaadin/text-area": "23.1.6",
          "@vaadin/text-field": "23.1.6",
          "@vaadin/time-picker": "23.1.6",
          "@vaadin/upload": "23.1.6",
          "@vaadin/vaadin-accordion": "23.1.6",
          "@vaadin/vaadin-app-layout": "23.1.6",
          "@vaadin/vaadin-avatar": "23.1.6",
          "@vaadin/vaadin-button": "23.1.6",
          "@vaadin/vaadin-checkbox": "23.1.6",
          "@vaadin/vaadin-combo-box": "23.1.6",
          "@vaadin/vaadin-context-menu": "23.1.6",
          "@vaadin/vaadin-custom-field": "23.1.6",
          "@vaadin/vaadin-date-picker": "23.1.6",
          "@vaadin/vaadin-date-time-picker": "23.1.6",
          "@vaadin/vaadin-details": "23.1.6",
          "@vaadin/vaadin-dialog": "23.1.6",
          "@vaadin/vaadin-form-layout": "23.1.6",
          "@vaadin/vaadin-grid": "23.1.6",
          "@vaadin/vaadin-icon": "23.1.6",
          "@vaadin/vaadin-icons": "23.1.6",
          "@vaadin/vaadin-item": "23.1.6",
          "@vaadin/vaadin-list-box": "23.1.6",
          "@vaadin/vaadin-login": "23.1.6",
          "@vaadin/vaadin-lumo-styles": "23.1.6",
          "@vaadin/vaadin-material-styles": "23.1.6",
          "@vaadin/vaadin-menu-bar": "23.1.6",
          "@vaadin/vaadin-messages": "23.1.6",
          "@vaadin/vaadin-notification": "23.1.6",
          "@vaadin/vaadin-ordered-layout": "23.1.6",
          "@vaadin/vaadin-progress-bar": "23.1.6",
          "@vaadin/vaadin-radio-button": "23.1.6",
          "@vaadin/vaadin-select": "23.1.6",
          "@vaadin/vaadin-split-layout": "23.1.6",
          "@vaadin/vaadin-tabs": "23.1.6",
          "@vaadin/vaadin-text-field": "23.1.6",
          "@vaadin/vaadin-themable-mixin": "23.1.6",
          "@vaadin/vaadin-time-picker": "23.1.6",
          "@vaadin/vaadin-upload": "23.1.6",
          "@vaadin/vaadin-virtual-list": "23.1.6",
          "@vaadin/vertical-layout": "23.1.6",
          "@vaadin/virtual-list": "23.1.6",
          "construct-style-sheets-polyfill": "2.4.16",
          "date-fns": "2.28.0",
          "lit-element": "2.5.1",
          "lit-html": "1.4.1"
        },
        "devDependencies": {
          "@types/validator": "13.1.0",
          "chokidar": "^3.5.0",
          "compression-webpack-plugin": "4.0.1",
          "css-loader": "4.2.1",
          "extra-watch-webpack-plugin": "1.0.3",
          "extract-loader": "5.1.0",
          "file-loader": "6.2.0",
          "fork-ts-checker-webpack-plugin": "6.2.1",
          "glob": "7.1.6",
          "html-webpack-plugin": "4.5.1",
          "lit-css-loader": "0.0.4",
          "loader-utils": "2.0.0",
          "ts-loader": "8.0.12",
          "typescript": "4.2.3",
          "validator": "13.1.17",
          "webpack": "4.46.0",
          "webpack-cli": "3.3.12",
          "webpack-dev-server": "3.11.0",
          "webpack-manifest-plugin": "3.0.0",
          "webpack-merge": "4.2.2",
          "workbox-core": "6.2.0",
          "workbox-precaching": "6.2.0",
          "workbox-webpack-plugin": "6.2.0"
        },
        "hash": "5073218026c20ade6d6a0bc4a9b7f9ec480258bfe34564fb27a12854cd19e3b5"
      }
    },
    "prefix": "C:\\Users\\Sergey\\IdeaProjects\\Vinorate"
  },
  "4 debug pnpm:context": {
    "currentLockfileExists": false,
    "storeDir": "C:\\Users\\Sergey\\.pnpm-store\\v3",
    "virtualStoreDir": "C:\\Users\\Sergey\\IdeaProjects\\Vinorate\\node_modules\\.pnpm"
  },
  "5 debug pnpm:stage": {
    "prefix": "C:\\Users\\Sergey\\IdeaProjects\\Vinorate",
    "stage": "resolution_started"
  },
  "6 debug pnpm:_dependency_resolved": {
    "resolution": "registry.npmjs.org/extract-loader/5.1.0",
    "wanted": {
      "dependentId": ".",
      "name": "extract-loader",
      "rawSpec": "5.1.0"
    }
  },
  "7 debug pnpm:progress": {
    "packageId": "registry.npmjs.org/extract-loader/5.1.0",
    "requester": "C:\\Users\\Sergey\\IdeaProjects\\Vinorate",
    "status": "resolved"
  },
  "8 debug pnpm:_dependency_resolved": {
    "resolution": "registry.npmjs.org/extra-watch-webpack-plugin/1.0.3",
    "wanted": {
      "dependentId": ".",
      "name": "extra-watch-webpack-plugin",
      "rawSpec": "1.0.3"
    }
  },
  "9 debug pnpm:progress": {
    "packageId": "registry.npmjs.org/extra-watch-webpack-plugin/1.0.3",
    "requester": "C:\\Users\\Sergey\\IdeaProjects\\Vinorate",
    "status": "resolved"
  },
  "10 debug pnpm:_dependency_resolved": {
    "resolution": "registry.npmjs.org/@types/validator/13.1.0",
    "wanted": {
      "dependentId": ".",
      "name": "@types/validator",
      "rawSpec": "13.1.0"
    }
  },
  "11 debug pnpm:progress": {
    "packageId": "registry.npmjs.org/@types/validator/13.1.0",
    "requester": "C:\\Users\\Sergey\\IdeaProjects\\Vinorate",
    "status": "resolved"
  },
  "12 debug pnpm:_dependency_resolved": {
    "resolution": "registry.npmjs.org/compression-webpack-plugin/4.0.1",
    "wanted": {
      "dependentId": ".",
      "name": "compression-webpack-plugin",
      "rawSpec": "4.0.1"
    }
  },
  "13 debug pnpm:progress": {
    "packageId": "registry.npmjs.org/compression-webpack-plugin/4.0.1",
    "requester": "C:\\Users\\Sergey\\IdeaProjects\\Vinorate",
    "status": "resolved"
  },
  "14 debug pnpm:_dependency_resolved": {
    "resolution": "registry.npmjs.org/file-loader/6.2.0",
    "wanted": {
      "dependentId": ".",
      "name": "file-loader",
      "rawSpec": "6.2.0"
    }
  },
  "15 debug pnpm:progress": {
    "packageId": "registry.npmjs.org/file-loader/6.2.0",
    "requester": "C:\\Users\\Sergey\\IdeaProjects\\Vinorate",
    "status": "resolved"
  },
  "16 debug pnpm:_dependency_resolved": {
    "resolution": "registry.npmjs.org/glob/7.1.6",
    "wanted": {
      "dependentId": ".",
      "name": "glob",
      "rawSpec": "7.1.6"
    }
  },
  "17 debug pnpm:progress": {
    "packageId": "registry.npmjs.org/glob/7.1.6",
    "requester": "C:\\Users\\Sergey\\IdeaProjects\\Vinorate",
    "status": "resolved"
  },
  "18 debug pnpm:_dependency_resolved": {
    "resolution": "registry.npmjs.org/css-loader/4.2.1",
    "wanted": {
      "dependentId": ".",
      "name": "css-loader",
      "rawSpec": "4.2.1"
    }
  },
  "19 debug pnpm:progress": {
    "packageId": "registry.npmjs.org/css-loader/4.2.1",
    "requester": "C:\\Users\\Sergey\\IdeaProjects\\Vinorate",
    "status": "resolved"
  },
  "20 debug pnpm:_dependency_resolved": {
    "resolution": "registry.npmjs.org/lit-css-loader/0.0.4",
    "wanted": {
      "dependentId": ".",
      "name": "lit-css-loader",
      "rawSpec": "0.0.4"
    }
  },
  "21 debug pnpm:progress": {
    "packageId": "registry.npmjs.org/lit-css-loader/0.0.4",
    "requester": "C:\\Users\\Sergey\\IdeaProjects\\Vinorate",
    "status": "resolved"
  },
  "22 debug pnpm:_dependency_resolved": {
    "resolution": "registry.npmjs.org/loader-utils/2.0.0",
    "wanted": {
      "dependentId": ".",
      "name": "loader-utils",
      "rawSpec": "2.0.0"
    }
  },
  "23 debug pnpm:progress": {
    "packageId": "registry.npmjs.org/loader-utils/2.0.0",
    "requester": "C:\\Users\\Sergey\\IdeaProjects\\Vinorate",
    "status": "resolved"
  },
  "24 debug pnpm:_dependency_resolved": {
    "resolution": "link:build/plugins/application-theme-plugin",
    "wanted": {
      "dependentId": ".",
      "name": "@vaadin/application-theme-plugin",
      "rawSpec": "./build/plugins/application-theme-plugin"
    }
  },
  "25 debug pnpm:_dependency_resolved": {
    "resolution": "registry.npmjs.org/html-webpack-plugin/4.5.1",
    "wanted": {
      "dependentId": ".",
      "name": "html-webpack-plugin",
      "rawSpec": "4.5.1"
    }
  },
  "26 debug pnpm:progress": {
    "packageId": "registry.npmjs.org/html-webpack-plugin/4.5.1",
    "requester": "C:\\Users\\Sergey\\IdeaProjects\\Vinorate",
    "status": "resolved"
  },
  "27 error pnpm": {
    "message": {
      "code": "ERR_PNPM_NO_IMPORTER_MANIFEST_FOUND",
      "pkgsStack": []
    },
    "err": {
      "name": "Error",
      "message": "No package.json (or package.yaml, or package.json5) was found in \"C:\\Users\\Sergey\\IdeaProjects\\Vinorate\\build\\plugins\\stats-plugin\".",
      "code": "ERR_PNPM_NO_IMPORTER_MANIFEST_FOUND",
      "stack": "Error: No package.json (or package.yaml, or package.json5) was found in \"C:\\Users\\Sergey\\IdeaProjects\\Vinorate\\build\\plugins\\stats-plugin\".\n    at readProjectManifest (C:\\Users\\Sergey\\AppData\\Local\\npm-cache\\_npx\\6926b1ac96192030\\node_modules\\pnpm\\dist\\pnpm.js:43174:11)\n    at async Object.readProjectManifestOnly (C:\\Users\\Sergey\\AppData\\Local\\npm-cache\\_npx\\6926b1ac96192030\\node_modules\\pnpm\\dist\\pnpm.js:43178:24)\n    at async Object.resolveLocal [as default] (C:\\Users\\Sergey\\AppData\\Local\\npm-cache\\_npx\\6926b1ac96192030\\node_modules\\pnpm\\dist\\pnpm.js:72178:33)\n    at async Object.resolve (C:\\Users\\Sergey\\AppData\\Local\\npm-cache\\_npx\\6926b1ac96192030\\node_modules\\pnpm\\dist\\pnpm.js:73098:307)\n    at async run (C:\\Users\\Sergey\\AppData\\Local\\npm-cache\\_npx\\6926b1ac96192030\\node_modules\\pnpm\\dist\\pnpm.js:83441:21)"
    }
  }
}